2022-05-06,09:09:00,2022-05-06,09:14:14,DU7/PA0HIP,,50.314077,FT8,-24,-19,,FT8  Sent: -24  Rcvd: -19  Distance: ,
2022-05-06,09:39:45,2022-05-06,09:40:59,BI1NIZ/P,OM89,50.314077,FT8,+01,-01,,FT8  Sent: +01  Rcvd: -01  Distance: 63 km,
2022-05-06,10:18:30,2022-05-06,10:19:44,DU6/PE1NSQ,,50.314077,FT8,-10,-01,,FT8  Sent: -10  Rcvd: -01  Distance: ,
2022-05-10,02:30:47,2022-05-10,02:31:59,BU2FF,PL05,50.314078,FT8,-19,-16,,FT8  Sent: -19  Rcvd: -16  Distance: 1653 km,
2022-05-11,03:11:15,2022-05-11,03:12:29,BH1TSU,ON80,50.314663,FT8,-05,+04,,FT8  Sent: -05  Rcvd: +04  Distance: 78 km,
2022-05-11,06:19:00,2022-05-11,06:20:14,DS4AKP,PM34,50.314663,FT8,-14,-08,,FT8  Sent: -14  Rcvd: -08  Distance: 1108 km,
2022-05-11,07:12:30,2022-05-11,07:13:59,JI4JKO,PM64,50.314663,FT8,-20,-03,,FT8  Sent: -20  Rcvd: -03  Distance: 1581 km,
2022-05-11,08:18:15,2022-05-11,08:19:44,JR3XMG,,50.314820,FT8,-25,-17,,FT8  Sent: -25  Rcvd: -17  Distance: ,
2022-05-13,01:10:00,2022-05-13,01:10:44,BI1NKM,OM89,50.314820,FT8,-06,-04,,FT8  Sent: -06  Rcvd: -04  Distance: 63 km,
2022-05-14,01:36:30,2022-05-14,01:37:14,JA7WSZ,QM07,50.313560,FT8,-20,-19,,FT8  Sent: -20  Rcvd: -19  Distance: 2142 km,
2022-05-15,04:51:15,2022-05-15,04:51:59,BA1PK,ON80,50.313560,FT8,-13,-09,,FT8  Sent: -13  Rcvd: -09  Distance: 78 km,
2022-05-15,04:59:50,2022-05-15,05:00:29,VK3HY,QF22,50.313560,FT8,-19,-17,,FT8  Sent: -19  Rcvd: -17  Distance: 9053 km,
2022-05-15,05:05:15,2022-05-15,05:05:59,VK3BD,QF22,50.313560,FT8,-17,-12,,FT8  Sent: -17  Rcvd: -12  Distance: 9053 km,
2022-05-15,05:08:45,2022-05-15,05:09:29,VK3OW,QF22,50.313560,FT8,-18,-11,,FT8  Sent: -18  Rcvd: -11  Distance: 9053 km,
2022-05-15,05:10:48,2022-05-15,05:11:29,VK3BDL,,50.314545,FT8,-14,-09,,FT8  Sent: -14  Rcvd: -09  Distance: ,
2022-05-15,07:07:16,2022-05-15,07:08:42,DU7/PA0HIP,,50.314725,FT8,+01,-03,,FT8  Sent: +01  Rcvd: -03  Distance: ,
2022-05-16,01:43:00,2022-05-16,01:44:17,HL2DRY,PM47,50.314725,FT8,-20,-13,,FT8  Sent: -20  Rcvd: -13  Distance: 1119 km,
2022-05-16,01:58:00,2022-05-16,01:58:44,JF3VAX,PM74,50.314725,FT8,-12,-15,,FT8  Sent: -12  Rcvd: -15  Distance: 1745 km,
2022-05-16,02:15:39,2022-05-16,02:16:14,BH1XEC,OM89,50.314725,FT8,-15,-12,,FT8  Sent: -15  Rcvd: -12  Distance: 63 km,
2022-05-16,02:42:19,2022-05-16,02:42:59,JH4DIT,PM65,50.314725,FT8,-21,-18,,FT8  Sent: -21  Rcvd: -18  Distance: 1533 km,
2022-05-16,04:20:00,2022-05-16,04:20:44,BH3DBF,,50.314725,FT8,-13,-06,,FT8  Sent: -13  Rcvd: -06  Distance: ,
2022-05-16,04:24:37,2022-05-16,04:25:14,JN6III,PM53,50.314725,FT8,-21,-07,,FT8  Sent: -21  Rcvd: -07  Distance: 1476 km,
2022-05-16,04:51:15,2022-05-16,04:51:59,JA6UBY,PM42,50.314725,FT8,-24,-17,,FT8  Sent: -24  Rcvd: -17  Distance: 1391 km,
2022-05-16,08:10:30,2022-05-16,08:11:14,JA0MVW,PM97,50.314725,FT8,-04,-12,,FT8  Sent: -04  Rcvd: -12  Distance: 1971 km,
2022-05-16,08:21:15,2022-05-16,08:22:14,JA7OZW,,50.314725,FT8,-19,-15,,FT8  Sent: -19  Rcvd: -15  Distance: ,
2022-05-16,08:21:45,2022-05-16,08:25:44,JJ7KKM,,50.314725,FT8,-26,-01,,FT8  Sent: -26  Rcvd: -01  Distance: ,
2022-05-16,08:28:15,2022-05-16,08:49:56,JA7MSQ,,50.314725,FT8,-12,-23,,FT8  Sent: -12  Rcvd: -23  Distance: ,
2022-05-16,08:49:15,2022-05-16,08:50:14,JE1SYN,PM96,50.314725,FT8,-14,-11,,FT8  Sent: -14  Rcvd: -11  Distance: 2002 km,
2022-05-16,08:52:15,2022-05-16,08:58:44,JH7MEV,,50.314725,FT8,-26,-13,,FT8  Sent: -26  Rcvd: -13  Distance: ,
2022-05-16,08:59:45,2022-05-16,09:01:44,JA7EVP,,50.314725,FT8,-14,-13,,FT8  Sent: -14  Rcvd: -13  Distance: ,
2022-05-16,08:59:45,2022-05-16,09:01:52,JF1RYU,PM96,50.314725,FT8,-04,-09,,FT8  Sent: -04  Rcvd: -09  Distance: 2002 km,
2022-05-16,09:04:15,2022-05-16,09:05:14,JE1CCD,,50.314725,FT8,-14,-13,,FT8  Sent: -14  Rcvd: -13  Distance: ,
2022-05-16,09:38:03,2022-05-16,09:38:44,JR1LZK,QM06,50.314725,FT8,-09,-15,,FT8  Sent: -09  Rcvd: -15  Distance: 2173 km,
2022-05-16,09:40:00,2022-05-16,09:40:44,JJ0AWX,,50.314725,FT8,-02,-11,,FT8  Sent: -02  Rcvd: -11  Distance: ,
2022-05-16,09:55:15,2022-05-16,09:55:59,JE1BMJ,QM05,50.314725,FT8,-11,-14,,FT8  Sent: -11  Rcvd: -14  Distance: 2208 km,
2022-05-16,09:56:00,2022-05-16,09:57:08,JA1KAW,,50.314725,FT8,-15,-15,,FT8  Sent: -15  Rcvd: -15  Distance: ,
2022-05-16,09:56:00,2022-05-16,09:57:42,JN1GTG,,50.314725,FT8,-13,-16,,FT8  Sent: -13  Rcvd: -16  Distance: ,
2022-05-16,09:59:51,2022-05-16,10:01:03,JI1FLB,PM95,50.314725,FT8,-15,-15,,FT8  Sent: -15  Rcvd: -15  Distance: 2038 km,
2022-05-16,09:58:30,2022-05-16,10:02:06,JA7RAK,QN00,50.314725,FT8,-19,-10,,FT8  Sent: -19  Rcvd: -10  Distance: 2081 km,
2022-05-16,09:58:00,2022-05-16,10:03:29,JE2LPC,,50.314725,FT8,-05,-16,,FT8  Sent: -05  Rcvd: -16  Distance: ,
2022-05-16,10:00:00,2022-05-16,10:04:32,JF2EEK,,50.314725,FT8,-21,-16,,FT8  Sent: -21  Rcvd: -16  Distance: ,
2022-05-16,10:21:45,2022-05-16,10:23:14,JJ3ING/P,PM74,50.314725,FT8,-19,-07,,FT8  Sent: -19  Rcvd: -07  Distance: 1745 km,
2022-05-16,10:24:15,2022-05-16,10:25:14,JJ1NLR,,50.314725,FT8,-18,-11,,FT8  Sent: -18  Rcvd: -11  Distance: ,
2022-05-16,11:11:30,2022-05-16,11:12:14,JH5FXP,,50.314725,FT8,-14,-08,,FT8  Sent: -14  Rcvd: -08  Distance: ,
2022-05-16,00:00:00,2022-05-16,11:17:34,BI1LEF,,50.314725,FT8,-15,-03,,FT8  Sent: -15  Rcvd: -03  Distance: ,
2022-05-17,02:17:15,2022-05-17,02:17:59,BU2FF,PL05,50.314725,FT8,-19,-13,,FT8  Sent: -19  Rcvd: -13  Distance: 1653 km,
2022-05-17,02:48:50,2022-05-17,02:49:29,BG5VBQ,OL85,50.314725,FT8,-22,-20,,FT8  Sent: -22  Rcvd: -20  Distance: 1599 km,
2022-05-17,02:52:00,2022-05-17,02:52:44,BD7BS,OL69,50.314725,FT8,-12,-22,,FT8  Sent: -12  Rcvd: -22  Distance: 1199 km,
2022-05-17,05:13:00,2022-05-17,05:13:44,JA0PE,PM97,50.314725,FT8,-21,-13,,FT8  Sent: -21  Rcvd: -13  Distance: 1971 km,
2022-05-17,05:47:45,2022-05-17,05:48:29,JA3KVT,,50.314725,FT8,-06,-10,,FT8  Sent: -06  Rcvd: -10  Distance: ,
2022-05-17,05:51:30,2022-05-17,05:52:14,JJ5RBH,PM74,50.314725,FT8,-18,+13,,FT8  Sent: -18  Rcvd: +13  Distance: 1745 km,
2022-05-17,07:06:00,2022-05-17,07:06:44,BH1HWF,ON80,50.314725,FT8,-21,-10,,FT8  Sent: -21  Rcvd: -10  Distance: 78 km,
2022-05-17,09:27:30,2022-05-17,09:28:14,BI1LEF,OM89,50.314725,FT8,-03,+00,,FT8  Sent: -03  Rcvd: +00  Distance: 63 km,
2022-05-17,10:55:04,2022-05-17,10:55:44,DS3CHK,PM36,50.314725,FT8,-05,+08,,FT8  Sent: -05  Rcvd: +08  Distance: 994 km,
2022-05-17,10:55:45,2022-05-17,10:56:44,JK3NSD,PM74,50.314725,FT8,-14,-15,,FT8  Sent: -14  Rcvd: -15  Distance: 1745 km,
2022-05-18,01:04:45,2022-05-18,01:06:29,BU2EL,PL05,50.314725,FT8,-24,-24,,FT8  Sent: -24  Rcvd: -24  Distance: 1653 km,
2022-05-18,01:36:45,2022-05-18,01:37:29,BI1LEF,OM89,50.314725,FT8,-02,+08,,FT8  Sent: -02  Rcvd: +08  Distance: 63 km,
2022-05-18,03:02:17,2022-05-18,03:02:59,BH1EWI,OM89,50.314725,FT8,-18,-08,,FT8  Sent: -18  Rcvd: -08  Distance: 63 km,
2022-05-18,04:50:45,2022-05-18,04:59:35,BI1LEF,OM89,50.314725,FT8,+01,+03,,FT8  Sent: +01  Rcvd: +03  Distance: 63 km,
2022-05-18,09:23:45,2022-05-18,09:24:29,BV6KO,PL03,50.314725,FT8,-21,-11,,FT8  Sent: -21  Rcvd: -11  Distance: 1869 km,
2022-05-18,11:32:45,2022-05-18,11:33:29,JA6FEG,PM52,50.314725,FT8,-21,-22,,FT8  Sent: -21  Rcvd: -22  Distance: 1539 km,
2022-05-18,12:15:45,2022-05-18,12:16:29,BI1LEF,OM89,50.314725,FT8,-04,+01,,FT8  Sent: -04  Rcvd: +01  Distance: 63 km,
2022-05-19,04:37:33,2022-05-19,04:38:14,BI1LEF,OM89,50.314725,FT8,-08,-01,,FT8  Sent: -08  Rcvd: -01  Distance: 63 km,
2022-05-19,06:10:36,2022-05-19,06:11:14,BI1NJI,OM89,50.314725,FT8,-15,-11,,FT8  Sent: -15  Rcvd: -11  Distance: 63 km,
2022-05-19,06:16:30,2022-05-19,06:17:14,BI1LEF,OM89,50.314725,FT8,-08,-01,,FT8  Sent: -08  Rcvd: -01  Distance: 63 km,
2022-05-19,10:04:30,2022-05-19,10:05:15,JA4LKB,,50.314725,FT8,-20,-13,,FT8  Sent: -20  Rcvd: -13  Distance: ,
2022-05-19,10:08:00,2022-05-19,10:08:59,JA6CNL,,50.314725,FT8,-24,-09,,FT8  Sent: -24  Rcvd: -09  Distance: ,
2022-05-20,02:22:36,2022-05-20,02:23:44,BH1JHC,OM89,50.314725,FT8,-02,-05,,FT8  Sent: -02  Rcvd: -05  Distance: 63 km,
2022-05-20,02:46:00,2022-05-20,02:47:14,BG5BRG,,50.314725,FT8,-22,-25,,FT8  Sent: -22  Rcvd: -25  Distance: ,
2022-05-20,05:43:37,2022-05-20,05:44:44,BH4TVU,PM01,50.314725,FT8,-09,-04,,FT8  Sent: -09  Rcvd: -04  Distance: 1018 km,
2022-05-20,05:45:15,2022-05-20,05:46:14,BD4SBN,,50.314725,FT8,-06,-07,,FT8  Sent: -06  Rcvd: -07  Distance: ,
2022-05-20,05:50:08,2022-05-20,05:51:14,BH4SCF,PM01,50.314725,FT8,-26,-14,,FT8  Sent: -26  Rcvd: -14  Distance: 1018 km,
2022-05-20,06:34:08,2022-05-20,06:35:14,BH1RQN,OM89,50.314725,FT8,-01,-02,,FT8  Sent: -01  Rcvd: -02  Distance: 63 km,
2022-05-20,07:40:45,2022-05-20,07:41:59,BD6IF,OM64,50.314725,FT8,-10,-09,,FT8  Sent: -10  Rcvd: -09  Distance: 677 km,
2022-05-20,08:57:52,2022-05-20,08:58:59,JT1CO,OO20,50.314725,FT8,-15,-03,,FT8  Sent: -15  Rcvd: -03  Distance: 1480 km,
2022-05-21,00:38:45,2022-05-21,00:39:44,JA9SUY,PM86,50.314725,FT8,-20,-10,,FT8  Sent: -20  Rcvd: -10  Distance: 1831 km,
2022-05-21,00:47:30,2022-05-21,00:48:44,BW2/JP1RIW,,50.314725,FT8,-26,-11,,FT8  Sent: -26  Rcvd: -11  Distance: ,
2022-05-21,03:12:36,2022-05-21,03:13:44,BH1MCB,OM89,50.313963,FT8,-14,-11,,FT8  Sent: -14  Rcvd: -11  Distance: 63 km,
2022-05-21,03:14:45,2022-05-21,03:15:44,BD5CAM,PL09,50.314586,FT8,-07,-08,,FT8  Sent: -07  Rcvd: -08  Distance: 1226 km,
2022-05-21,03:20:15,2022-05-21,03:21:14,JI5USJ/P,PM64,50.314586,FT8,-16,-06,,FT8  Sent: -16  Rcvd: -06  Distance: 1581 km,
2022-05-21,03:34:45,2022-05-21,03:35:59,VR2IL,OL72,50.314586,FT8,-23,-24,,FT8  Sent: -23  Rcvd: -24  Distance: 1936 km,
2022-05-21,03:52:00,2022-05-21,03:53:45,BD8NBG,OL36,50.314586,FT8,-17,-19,,FT8  Sent: -17  Rcvd: -19  Distance: 1729 km,
2022-05-21,04:09:30,2022-05-21,04:11:44,BG5GLV,PL09,50.314586,FT8,-26,-25,,FT8  Sent: -26  Rcvd: -25  Distance: 1226 km,
2022-05-21,04:14:36,2022-05-21,04:15:44,BG5CNL,PL09,50.314586,FT8,-22,-10,,FT8  Sent: -22  Rcvd: -10  Distance: 1226 km,
2022-05-22,00:43:00,2022-05-22,00:43:59,JA3FQO,PM74,50.314586,FT8,-18,-02,,FT8  Sent: -18  Rcvd: -02  Distance: 1745 km,
2022-05-22,00:58:00,2022-05-22,00:59:44,VR2CO,OL72,50.314586,FT8,-18,-14,,FT8  Sent: -18  Rcvd: -14  Distance: 1936 km,
2022-05-22,01:21:18,2022-05-22,01:22:29,BG5CCB,PL09,50.314586,FT8,-17,-10,,FT8  Sent: -17  Rcvd: -10  Distance: 1226 km,
2022-05-22,01:28:00,2022-05-22,01:28:59,JR4MXP,PM75,50.314586,FT8,-15,-09,,FT8  Sent: -15  Rcvd: -09  Distance: 1700 km,
2022-05-22,01:31:52,2022-05-22,01:32:59,BG5FCH,PL08,50.314586,FT8,-16,-15,,FT8  Sent: -16  Rcvd: -15  Distance: 1332 km,
2022-05-22,01:37:06,2022-05-22,01:37:44,JA4CUC,PM65,50.314586,FT8,-23,-07,,FT8  Sent: -23  Rcvd: -07  Distance: 1533 km,
2022-05-22,01:46:00,2022-05-22,01:52:22,BA4SE,,50.314686,FT8,-10,-12,,FT8  Sent: -10  Rcvd: -12  Distance: ,
2022-05-22,01:59:30,2022-05-22,02:00:14,JF3QJR,,50.314686,FT8,-01,-12,,FT8  Sent: -01  Rcvd: -12  Distance: ,
2022-05-22,02:02:30,2022-05-22,02:03:14,BH4TIH,OM91,50.314686,FT8,-24,-13,,FT8  Sent: -24  Rcvd: -13  Distance: 961 km,
2022-05-22,03:54:32,2022-05-22,03:55:14,JH6RKI,PM53,50.314926,FT8,-12,-13,,FT8  Sent: -12  Rcvd: -13  Distance: 1476 km,
2022-05-22,03:57:15,2022-05-22,03:58:14,JA0DAI,PM97,50.314926,FT8,-17,-13,,FT8  Sent: -17  Rcvd: -13  Distance: 1971 km,
2022-05-22,04:05:01,2022-05-22,04:05:44,JK1GKG,PM95,50.314926,FT8,-17,-09,,FT8  Sent: -17  Rcvd: -09  Distance: 2038 km,
2022-05-22,04:07:15,2022-05-22,04:07:59,BH4BNQ,PM01,50.315456,FT8,-21,-08,,FT8  Sent: -21  Rcvd: -08  Distance: 1018 km,
2022-05-22,04:27:00,2022-05-22,04:29:00,JE2UFF,PM94,50.314926,FT8,-22,-18,,FT8  Sent: -22  Rcvd: -18  Distance: 2080 km,
2022-05-22,04:34:15,2022-05-22,04:34:59,JE6XWE,PM52,50.314926,FT8,-19,-08,,FT8  Sent: -19  Rcvd: -08  Distance: 1539 km,
2022-05-22,04:42:19,2022-05-22,04:42:59,HL4CJG,PM35,50.314926,FT8,-15,-07,,FT8  Sent: -15  Rcvd: -07  Distance: 1047 km,
2022-05-22,04:44:15,2022-05-22,04:44:29,8J3IPA,PM74,50.314926,FT8,-19,-15,,FT8  Sent: -19  Rcvd: -15  Distance: 1745 km,
2022-05-22,04:47:50,2022-05-22,04:48:29,JA1BOP,PM95,50.314926,FT8,-14,-17,,FT8  Sent: -14  Rcvd: -17  Distance: 2038 km,
2022-05-22,04:52:15,2022-05-22,04:52:59,JO6HPH,,50.314926,FT8,-11,-08,,FT8  Sent: -11  Rcvd: -08  Distance: ,
2022-05-22,05:00:04,2022-05-22,05:00:44,HL3ANE,PM36,50.314926,FT8,-09,+00,,FT8  Sent: -09  Rcvd: +00  Distance: 994 km,
2022-05-22,05:06:38,2022-05-22,05:07:14,JR6IQI,PM43,50.314926,FT8,-16,-09,,FT8  Sent: -16  Rcvd: -09  Distance: 1323 km,
2022-05-22,05:09:00,2022-05-22,05:09:44,JF6PND,PM53,50.314926,FT8,-21,-08,,FT8  Sent: -21  Rcvd: -08  Distance: 1476 km,
2022-05-22,09:00:45,2022-05-22,09:01:31,JA9LSZ,,50.314926,FT8,-11,-07,,FT8  Sent: -11  Rcvd: -07  Distance: ,
2022-05-22,09:03:30,2022-05-22,09:04:14,JH6QFJ,,50.314926,FT8,-18,-02,,FT8  Sent: -18  Rcvd: -02  Distance: ,
2022-05-22,09:08:15,2022-05-22,09:10:15,JA7EPO,QM09,50.314926,FT8,-22,-06,,FT8  Sent: -22  Rcvd: -06  Distance: 2096 km,
2022-05-22,09:11:16,2022-05-22,09:11:59,JA1SST,,50.314926,FT8,-07,-09,,FT8  Sent: -07  Rcvd: -09  Distance: ,
2022-05-22,09:25:30,2022-05-22,09:25:44,JH4UYB,PM64,50.314926,FT8,-19,-06,,FT8  Sent: -19  Rcvd: -06  Distance: 1581 km,
2022-05-22,09:29:47,2022-05-22,09:30:29,JH6RTO,PM51,50.314926,FT8,-19,-04,,FT8  Sent: -19  Rcvd: -04  Distance: 1607 km,
2022-05-22,09:54:15,2022-05-22,09:54:59,UN3G,MN83,50.314500,FT8,-21,-13,,FT8  Sent: -21  Rcvd: -13  Distance: 3282 km,
2022-05-22,09:55:45,2022-05-22,09:56:29,UN3GX,MN83,50.314500,FT8,-14,-13,,FT8  Sent: -14  Rcvd: -13  Distance: 3282 km,
2022-05-22,10:00:00,2022-05-22,10:00:46,JO3DDD,,50.314776,FT8,-19,-06,,FT8  Sent: -19  Rcvd: -06  Distance: ,
2022-05-22,10:01:49,2022-05-22,10:02:29,BD4UJ,PM02,50.314007,FT8,-15,-19,,FT8  Sent: -15  Rcvd: -19  Distance: 917 km,
2022-05-22,10:04:51,2022-05-22,10:05:29,BG6RJN,OM62,50.314007,FT8,-16,-12,,FT8  Sent: -16  Rcvd: -12  Distance: 881 km,
2022-05-22,10:01:49,2022-05-22,10:06:30,BD4UJ,PM02,50.314007,FT8,-15,-19,,FT8  Sent: -15  Rcvd: -19  Distance: 917 km,
2022-05-22,10:08:45,2022-05-22,10:09:31,JA0CRI,PM96,50.314007,FT8,-08,-17,,FT8  Sent: -08  Rcvd: -17  Distance: 2002 km,
2022-05-22,10:12:45,2022-05-22,10:13:29,JA0GPT,,50.314007,FT8,-15,-12,,FT8  Sent: -15  Rcvd: -12  Distance: ,
2022-05-23,01:14:45,2022-05-23,01:15:29,BG1AL,OM89,50.314007,FT8,-13,-04,,FT8  Sent: -13  Rcvd: -04  Distance: 63 km,
2022-05-23,01:17:45,2022-05-23,01:18:29,BD8NBG,OL36,50.314007,FT8,-22,-24,,FT8  Sent: -22  Rcvd: -24  Distance: 1729 km,
2022-05-23,01:43:30,2022-05-23,01:44:14,BV2NT,PL05,50.314007,FT8,-19,-13,,FT8  Sent: -19  Rcvd: -13  Distance: 1653 km,
2022-05-23,00:00:00,2022-05-23,01:58:49,BV3UF,PL04,50.314007,FT8,-11,-09,,FT8  Sent: -11  Rcvd: -09  Distance: 1761 km,
2022-05-23,02:07:45,2022-05-23,02:35:29,BU2AD,PL05,50.314007,FT8,-19,-22,,FT8  Sent: -19  Rcvd: -22  Distance: 1653 km,
2022-05-23,05:18:00,2022-05-23,05:18:59,JA0JWQ,,50.314007,FT8,-14,-03,,FT8  Sent: -14  Rcvd: -03  Distance: ,
2022-05-23,09:22:03,2022-05-23,09:22:44,BG5JNT,OL79,50.314007,FT8,-18,-13,,FT8  Sent: -18  Rcvd: -13  Distance: 1164 km,
2022-05-23,09:52:32,2022-05-23,09:53:14,BG4ACY,PM01,50.314007,FT8,-15,-07,,FT8  Sent: -15  Rcvd: -07  Distance: 1018 km,
2022-05-23,09:54:30,2022-05-23,09:55:17,JA7OXV,,50.314007,FT8,-18,-19,,FT8  Sent: -18  Rcvd: -19  Distance: ,
2022-05-23,09:56:04,2022-05-23,09:56:44,BG4QOJ,,50.314007,FT8,-01,-08,,FT8  Sent: -01  Rcvd: -08  Distance: ,
2022-05-23,09:57:06,2022-05-23,09:57:44,BH4RWP,OM91,50.314007,FT8,-11,-10,,FT8  Sent: -11  Rcvd: -10  Distance: 961 km,
2022-05-23,10:00:35,2022-05-23,10:01:14,BG6TWT,OM70,50.314007,FT8,-16,-08,,FT8  Sent: -16  Rcvd: -08  Distance: 1054 km,
2022-05-23,10:12:05,2022-05-23,10:12:44,JA0RXU,PM97,50.314007,FT8,-18,-19,,FT8  Sent: -18  Rcvd: -19  Distance: 1971 km,
2022-05-23,10:25:00,2022-05-23,10:25:44,BH4WPN,PM01,50.314007,FT8,-18,-13,,FT8  Sent: -18  Rcvd: -13  Distance: 1018 km,
2022-05-23,10:52:45,2022-05-23,10:53:30,BD9BU,OM33,50.314007,FT8,-16,-17,,FT8  Sent: -16  Rcvd: -17  Distance: 1107 km,
2022-05-23,10:59:00,2022-05-23,10:59:59,JR3IIR,PM74,50.314007,FT8,-17,-11,,FT8  Sent: -17  Rcvd: -11  Distance: 1745 km,
2022-05-24,01:56:30,2022-05-24,01:57:59,JK7CWL,QM07,50.314007,FT8,-20,-11,,FT8  Sent: -20  Rcvd: -11  Distance: 2142 km,
2022-05-24,01:59:15,2022-05-24,02:00:29,JG4AKL,PM64,50.314007,FT8,-25,-14,,FT8  Sent: -25  Rcvd: -14  Distance: 1581 km,
2022-05-24,01:58:48,2022-05-24,02:00:59,JH3AIU,,50.314007,FT8,-13,-13,,FT8  Sent: -13  Rcvd: -13  Distance: ,
2022-05-24,01:59:15,2022-05-24,02:01:08,JG4AKL,PM64,50.314007,FT8,-25,-14,,FT8  Sent: -25  Rcvd: -14  Distance: 1581 km,
2022-05-24,02:39:00,2022-05-24,02:39:59,JA0OZZ,PM97,50.314007,FT8,-16,-08,,FT8  Sent: -16  Rcvd: -08  Distance: 1971 km,
2022-05-24,02:46:16,2022-05-24,02:47:29,BI1BDS,OM89,50.314007,FT8,-17,-03,,FT8  Sent: -17  Rcvd: -03  Distance: 63 km,
2022-05-24,03:06:51,2022-05-24,03:07:59,DS2LOE,PM37,50.314007,FT8,-20,-04,100,FT8  Sent: -20  Rcvd: -04  Distance: 951 km,
2022-05-24,03:21:30,2022-05-24,03:22:29,JR4HFY,,50.314007,FT8,-20,-11,100,FT8  Sent: -20  Rcvd: -11  Distance: ,
2022-05-24,05:52:30,2022-05-24,05:54:14,BD2LA,PN42,50.314007,FT8,-24,-11,100,FT8  Sent: -24  Rcvd: -11  Distance: 1086 km,
2022-05-24,09:19:45,2022-05-24,09:20:44,JH9DRL,,50.314007,FT8,-13,-05,100,FT8  Sent: -13  Rcvd: -05  Distance: ,
2022-05-24,09:22:36,2022-05-24,09:23:44,JA6GCE,PM52,50.314007,FT8,-04,-05,100,FT8  Sent: -04  Rcvd: -05  Distance: 1539 km,
2022-05-24,09:24:30,2022-05-24,09:26:14,JA4FSH,,50.314007,FT8,-18,-07,100,FT8  Sent: -18  Rcvd: -07  Distance: ,
2022-05-24,09:27:30,2022-05-24,09:28:44,JA2JNA,,50.314007,FT8,-24,-08,100,FT8  Sent: -24  Rcvd: -08  Distance: ,
2022-05-24,09:43:30,2022-05-24,09:44:14,BH8ESR,OM22,50.314007,FT8,-18,-14,100,FT8  Sent: -18  Rcvd: -14  Distance: 1320 km,
2022-05-24,09:52:15,2022-05-24,09:52:59,BA7BK,OL67,50.314007,FT8,-21,-20,100,FT8  Sent: -21  Rcvd: -20  Distance: 1415 km,
2022-05-24,09:58:45,2022-05-24,09:59:29,BG5EFD,PM00,50.314007,FT8,-03,+03,100,FT8  Sent: -03  Rcvd: +03  Distance: 1122 km,
2022-05-24,09:52:15,2022-05-24,10:06:59,BA7BK,OL67,50.314007,FT8,-21,-19,100,FT8  Sent: -21  Rcvd: -19  Distance: 1415 km,
2022-05-24,11:51:30,2022-05-24,11:52:14,JJ3INK,PM74,50.314007,FT8,-17,-18,100,FT8  Sent: -17  Rcvd: -18  Distance: 1745 km,
2022-05-25,00:51:48,2022-05-25,00:52:29,JS6TWW,PL55,50.314007,FT8,-20,-23,100,FT8  Sent: -20  Rcvd: -23  Distance: 2093 km,
2022-05-25,01:22:00,2022-05-25,01:22:44,JH6QIL,PM51,50.314007,FT8,-24,-14,100,FT8  Sent: -24  Rcvd: -14  Distance: 1607 km,
2022-05-25,07:35:30,2022-05-25,07:36:14,BH1TZO,OM89,50.314007,FT8,-17,-06,100,FT8  Sent: -17  Rcvd: -06  Distance: 63 km,
2022-05-25,07:38:00,2022-05-25,07:38:44,JA9IPF,PM86,50.314007,FT8,-21,-13,100,FT8  Sent: -21  Rcvd: -13  Distance: 1831 km,
2022-05-25,08:36:45,2022-05-25,08:37:14,BI1LEF,OM89,50.319007,FT4,+00,+00,100,FT4  Sent: +00  Rcvd: +00  Distance: 63 km,
2022-05-25,12:15:53,2022-05-25,12:16:29,JA0DET,PM97,50.314007,FT8,-15,-23,100,FT8  Sent: -15  Rcvd: -23  Distance: 1971 km,
2022-05-25,12:20:30,2022-05-25,12:21:29,JA1GPN,,50.314007,FT8,-18,-05,100,FT8  Sent: -18  Rcvd: -05  Distance: ,
2022-05-25,12:32:00,2022-05-25,12:32:14,JA3BXF,,50.314007,FT8,-16,-13,100,FT8  Sent: -16  Rcvd: -13  Distance: ,
2022-05-25,12:48:15,2022-05-25,12:51:14,JF1PTU,PM95,50.314007,FT8,-18,-10,100,FT8  Sent: -18  Rcvd: -10  Distance: 2038 km,
2022-05-25,23:52:48,2022-05-25,23:53:29,JA6SRB,PM52,50.314007,FT8,-16,-08,100,FT8  Sent: -16  Rcvd: -08  Distance: 1539 km,
2022-05-26,01:28:15,2022-05-26,01:28:59,JR9VIY/P,PM87,50.314007,FT8,-18,-10,100,FT8  Sent: -18  Rcvd: -10  Distance: 1800 km,
2022-05-26,01:50:15,2022-05-26,01:50:59,JL1SAM,PM95,50.314007,FT8,-19,-14,100,FT8  Sent: -19  Rcvd: -14  Distance: 2038 km,
2022-05-26,01:51:45,2022-05-26,01:51:59,JA6JNF,PM53,50.314007,FT8,-19,-05,100,FT8  Sent: -19  Rcvd: -05  Distance: 1476 km,
2022-05-26,02:01:00,2022-05-26,02:01:53,JA6CPQ,,50.314007,FT8,-19,-05,100,FT8  Sent: -19  Rcvd: -05  Distance: ,
2022-05-26,02:09:00,2022-05-26,02:09:44,JA9AUW,PM87,50.314007,FT8,-13,+04,100,FT8  Sent: -13  Rcvd: +04  Distance: 1800 km,
2022-05-26,02:12:45,2022-05-26,02:13:59,JA1GLL,,50.314007,FT8,-19,-14,100,FT8  Sent: -19  Rcvd: -14  Distance: ,
2022-05-26,02:25:07,2022-05-26,02:26:14,BH6KWC,OM64,50.314007,FT8,-05,-08,100,FT8  Sent: -05  Rcvd: -08  Distance: 677 km,
2022-05-26,03:06:32,2022-05-26,03:07:44,JA3BTS,PM74,50.314007,FT8,-12,-19,100,FT8  Sent: -12  Rcvd: -19  Distance: 1745 km,
2022-05-26,03:35:30,2022-05-26,03:37:15,JE3EVI,PM74,50.314007,FT8,-26,-14,100,FT8  Sent: -26  Rcvd: -14  Distance: 1745 km,
2022-05-26,04:08:30,2022-05-26,04:09:29,JH3DRN,,50.314007,FT8,-23,-12,100,FT8  Sent: -23  Rcvd: -12  Distance: ,
2022-05-26,04:09:30,2022-05-26,04:10:29,JR3UIC,PM74,50.314007,FT8,-14,-09,100,FT8  Sent: -14  Rcvd: -09  Distance: 1745 km,
2022-05-26,04:15:30,2022-05-26,04:20:59,JA3XBJ,PM74,50.314007,FT8,-24,-14,100,FT8  Sent: -24  Rcvd: -14  Distance: 1745 km,
2022-05-26,04:26:00,2022-05-26,04:27:14,JE4AHM,PM53,50.314007,FT8,-24,-11,100,FT8  Sent: -24  Rcvd: -11  Distance: 1476 km,
2022-05-26,04:41:45,2022-05-26,04:43:14,JR3GWZ,PM85,50.314007,FT8,-23,-09,100,FT8  Sent: -23  Rcvd: -09  Distance: 1869 km,
2022-05-26,05:10:30,2022-05-26,05:11:29,JA5JQH,PM74,50.314007,FT8,-16,-09,100,FT8  Sent: -16  Rcvd: -09  Distance: 1745 km,
2022-05-26,05:13:00,2022-05-26,05:18:29,JA6SNV,PM53,50.314007,FT8,-19,+09,100,FT8  Sent: -19  Rcvd: +09  Distance: 1476 km,
2022-05-26,05:19:30,2022-05-26,05:20:14,JI1CAZ,QM05,50.314007,FT8,-17,-16,100,FT8  Sent: -17  Rcvd: -16  Distance: 2208 km,
2022-05-26,05:48:15,2022-05-26,05:49:29,JQ2QHQ,PM94,50.314007,FT8,-15,+06,100,FT8  Sent: -15  Rcvd: +06  Distance: 2080 km,
2022-05-26,05:55:30,2022-05-26,05:58:14,JH4KVO,PM64,50.314007,FT8,-24,-22,100,FT8  Sent: -24  Rcvd: -22  Distance: 1581 km,
2022-05-26,06:08:30,2022-05-26,06:09:47,JE4WOK,,50.314007,FT8,-03,-06,100,FT8  Sent: -03  Rcvd: -06  Distance: ,
2022-05-26,06:13:45,2022-05-26,06:14:44,JF1NZW,QM06,50.314007,FT8,-19,-07,100,FT8  Sent: -19  Rcvd: -07  Distance: 2173 km,
2022-05-26,06:16:30,2022-05-26,06:17:44,JI1ILB,PM96,50.314007,FT8,-24,-16,100,FT8  Sent: -24  Rcvd: -16  Distance: 2002 km,
2022-05-26,06:28:45,2022-05-26,06:29:44,JA5SUD,,50.314007,FT8,-07,-01,100,FT8  Sent: -07  Rcvd: -01  Distance: ,
2022-05-26,06:29:45,2022-05-26,06:33:44,JI2UDK,PM85,50.314007,FT8,-20,-13,100,FT8  Sent: -20  Rcvd: -13  Distance: 1869 km,
2022-05-26,06:38:45,2022-05-26,06:39:59,JA3HIL,PM74,50.314007,FT8,-08,-19,100,FT8  Sent: -08  Rcvd: -19  Distance: 1745 km,
2022-05-26,06:44:00,2022-05-26,06:44:59,JO4CYX,,50.314007,FT8,-01,-03,100,FT8  Sent: -01  Rcvd: -03  Distance: ,
2022-05-26,07:18:15,2022-05-26,07:19:14,6K2ILX,PM36,50.314007,FT8,-16,-08,100,FT8  Sent: -16  Rcvd: -08  Distance: 994 km,
2022-05-26,07:18:45,2022-05-26,07:20:15,JA5FDJ,,50.314007,FT8,-07,+00,100,FT8  Sent: -07  Rcvd: +00  Distance: ,
2022-05-26,07:37:38,2022-05-26,07:38:44,JO3RNL,PM74,50.314007,FT8,-15,-15,100,FT8  Sent: -15  Rcvd: -15  Distance: 1745 km,
2022-05-26,07:35:00,2022-05-26,07:40:15,DS2KGJ,PM37,50.314007,FT8,-24,+00,100,FT8  Sent: -24  Rcvd: +00  Distance: 951 km,
2022-05-26,08:03:00,2022-05-26,08:03:44,JR2PAU,PM85,50.314007,FT8,-17,-15,100,FT8  Sent: -17  Rcvd: -15  Distance: 1869 km,
2022-05-26,08:13:30,2022-05-26,08:14:14,JG2TSL,PM94,50.314007,FT8,-21,-08,100,FT8  Sent: -21  Rcvd: -08  Distance: 2080 km,
2022-05-26,08:29:06,2022-05-26,08:29:44,JH3GCN,PM74,50.314007,FT8,-13,-14,100,FT8  Sent: -13  Rcvd: -14  Distance: 1745 km,
2022-05-26,08:34:32,2022-05-26,08:35:46,JH2IEE,,50.314007,FT8,-15,-12,100,FT8  Sent: -15  Rcvd: -12  Distance: ,
2022-05-26,08:36:30,2022-05-26,08:37:49,JN3ONX,,50.314007,FT8,-16,-15,100,FT8  Sent: -16  Rcvd: -15  Distance: ,
2022-05-26,09:17:00,2022-05-26,09:17:45,JE2GWO,,50.314007,FT8,-13,-03,100,FT8  Sent: -13  Rcvd: -03  Distance: ,
2022-05-26,09:18:45,2022-05-26,09:27:44,JR1CCP,,50.314007,FT8,-16,-18,100,FT8  Sent: -16  Rcvd: -18  Distance: ,
2022-05-26,09:36:15,2022-05-26,09:36:59,JA3OOK,PM75,50.314007,FT8,-02,-13,100,FT8  Sent: -02  Rcvd: -13  Distance: 1700 km,
2022-05-27,02:36:03,2022-05-27,02:36:44,BA7NQ,,50.314007,FT8,-19,-17,100,FT8  Sent: -19  Rcvd: -17  Distance: ,
2022-05-27,12:23:20,2022-05-27,12:23:59,BG8TFN,OL15,21.075007,FT8,+02,-06,100,FT8  Sent: +02  Rcvd: -06  Distance: 2034 km,
2022-05-27,12:45:15,2022-05-27,12:46:29,VR2XYL,OL72,21.075706,FT8,+00,-03,100,FT8  Sent: +00  Rcvd: -03  Distance: 1936 km,
2022-05-27,12:59:45,2022-05-27,13:01:29,RZ0SW,OO13,14.075696,FT8,-25,-07,100,FT8  Sent: -25  Rcvd: -07  Distance: 1823 km,
2022-05-28,12:12:30,2022-05-28,12:13:44,BU2FF,PL05,50.314696,FT8,-24,-26,100,FT8  Sent: -24  Rcvd: -26  Distance: 1653 km,
2022-05-30,12:12:15,2022-05-30,12:14:00,JF2UEE,PM85,50.314696,FT8,-16,-18,100,FT8  Sent: -16  Rcvd: -18  Distance: 1869 km,
2022-05-30,12:22:00,2022-05-30,12:22:59,JE2UAZ,PM84,50.314696,FT8,-18,-14,100,FT8  Sent: -18  Rcvd: -14  Distance: 1912 km,
2022-05-31,07:30:15,2022-05-31,07:31:14,JA5JFB,,50.314696,FT8,-15,-10,100,FT8  Sent: -15  Rcvd: -10  Distance: ,
2022-05-31,07:42:15,2022-05-31,07:43:14,JA5AQC,,50.314696,FT8,-15,-08,100,FT8  Sent: -15  Rcvd: -08  Distance: ,
2022-05-31,23:25:30,2022-05-31,23:26:29,JA4SVS,,50.313930,FT8,-18,-18,100,FT8  Sent: -18  Rcvd: -18  Distance: ,
2022-06-01,05:16:03,2022-06-01,05:16:44,JK1AFI,PM96,50.313927,FT8,-05,-10,50,FT8  Sent: -05  Rcvd: -10  Distance: 2002 km,
2022-06-01,05:18:02,2022-06-01,05:18:44,JH7MEV,QM08,50.313927,FT8,-19,-22,50,FT8  Sent: -19  Rcvd: -22  Distance: 2116 km,
2022-06-01,09:12:00,2022-06-01,09:12:59,JI3CEY,,50.313908,FT8,-20,-13,50,FT8  Sent: -20  Rcvd: -13  Distance: ,
2022-06-01,09:21:24,2022-06-01,09:21:59,JA9FFS,PM86,50.313908,FT8,-11,-13,50,FT8  Sent: -11  Rcvd: -13  Distance: 1831 km,Fumi
2022-06-01,09:24:15,2022-06-01,09:24:59,JF6AFV/P,PM52,50.313908,FT8,-23,-09,50,FT8  Sent: -23  Rcvd: -09  Distance: 1539 km,
2022-06-01,09:45:00,2022-06-01,09:45:44,DS5DNO,PM45,50.314996,FT8,-08,-15,75,FT8  Sent: -08  Rcvd: -15  Distance: 1205 km,
2022-06-01,09:47:19,2022-06-01,09:48:30,JI5OZF,,50.315256,FT8,-12,-03,75,FT8  Sent: -12  Rcvd: -03  Distance: ,
2022-06-01,09:50:31,2022-06-01,09:51:14,BG7XWF,,50.315256,FT8,-12,-19,75,FT8  Sent: -12  Rcvd: -19  Distance: ,
2022-06-01,11:38:00,2022-06-01,11:39:10,BU2AE,PL05,50.314868,FT8,-17,-14,75,FT8  Sent: -17  Rcvd: -14  Distance: 1653 km,
2022-06-01,11:59:15,2022-06-01,11:59:59,JL1OZI,QM05,50.314154,FT8,-14,-16,50,FT8  Sent: -14  Rcvd: -16  Distance: 2208 km,
2022-06-01,12:03:00,2022-06-01,12:03:46,JH6IMI,,50.314154,FT8,-13,+01,50,FT8  Sent: -13  Rcvd: +01  Distance: ,
2022-06-01,12:05:35,2022-06-01,12:06:14,JA2UDU,PM85,50.314154,FT8,-13,-18,50,FT8  Sent: -13  Rcvd: -18  Distance: 1869 km,
2022-06-01,12:09:35,2022-06-01,12:10:22,JE6AZU,PM51,50.314154,FT8,-15,-13,50,FT8  Sent: -15  Rcvd: -13  Distance: 1607 km,
2022-06-01,12:19:30,2022-06-01,12:19:44,JF3KON,,50.314172,FT8,-12,-12,50,FT8  Sent: -12  Rcvd: -12  Distance: ,
2022-06-01,12:21:32,2022-06-01,12:22:14,JA6VQA,PM53,50.314172,FT8,-18,-10,50,FT8  Sent: -18  Rcvd: -10  Distance: 1476 km,
2022-06-01,12:24:03,2022-06-01,12:24:44,JH4PBQ,PM64,50.314172,FT8,-19,-15,50,FT8  Sent: -19  Rcvd: -15  Distance: 1581 km,
2022-06-01,12:38:00,2022-06-01,12:39:14,JH5AKH,PM63,50.314172,FT8,-23,-22,50,FT8  Sent: -23  Rcvd: -22  Distance: 1634 km,
2022-06-01,12:40:45,2022-06-01,12:41:44,JA5XAE,,50.314172,FT8,-13,-13,50,FT8  Sent: -13  Rcvd: -13  Distance: ,
2022-06-01,13:03:45,2022-06-01,13:04:29,BU2FF,PL05,50.314172,FT8,-23,-17,50,FT8  Sent: -23  Rcvd: -17  Distance: 1653 km,
